[2020-01-30 06:56:27] local.ERROR: There are no commands defined in the "jwt" namespace. {"exception":"[object] (Symfony\\Component\\Console\\Exception\\NamespaceNotFoundException(code: 0): There are no commands defined in the \"jwt\" namespace. at /home/alexandr/PhpstormProjects/thirdtry/vendor/symfony/console/Application.php:598)
[stacktrace]
#0 /home/alexandr/PhpstormProjects/thirdtry/vendor/symfony/console/Application.php(651): Symfony\\Component\\Console\\Application->findNamespace('jwt')
#1 /home/alexandr/PhpstormProjects/thirdtry/vendor/symfony/console/Application.php(236): Symfony\\Component\\Console\\Application->find('jwt:secret')
#2 /home/alexandr/PhpstormProjects/thirdtry/vendor/symfony/console/Application.php(148): Symfony\\Component\\Console\\Application->doRun(Object(Symfony\\Component\\Console\\Input\\ArgvInput), Object(Symfony\\Component\\Console\\Output\\ConsoleOutput))
#3 /home/alexandr/PhpstormProjects/thirdtry/vendor/laravel/framework/src/Illuminate/Console/Application.php(90): Symfony\\Component\\Console\\Application->run(Object(Symfony\\Component\\Console\\Input\\ArgvInput), Object(Symfony\\Component\\Console\\Output\\ConsoleOutput))
#4 /home/alexandr/PhpstormProjects/thirdtry/vendor/laravel/framework/src/Illuminate/Foundation/Console/Kernel.php(133): Illuminate\\Console\\Application->run(Object(Symfony\\Component\\Console\\Input\\ArgvInput), Object(Symfony\\Component\\Console\\Output\\ConsoleOutput))
#5 /home/alexandr/PhpstormProjects/thirdtry/artisan(37): Illuminate\\Foundation\\Console\\Kernel->handle(Object(Symfony\\Component\\Console\\Input\\ArgvInput), Object(Symfony\\Component\\Console\\Output\\ConsoleOutput))
#6 {main}
"} 
[2020-01-30 06:56:55] local.ERROR: There are no commands defined in the "jwt" namespace. {"exception":"[object] (Symfony\\Component\\Console\\Exception\\NamespaceNotFoundException(code: 0): There are no commands defined in the \"jwt\" namespace. at /home/alexandr/PhpstormProjects/thirdtry/vendor/symfony/console/Application.php:598)
[stacktrace]
#0 /home/alexandr/PhpstormProjects/thirdtry/vendor/symfony/console/Application.php(651): Symfony\\Component\\Console\\Application->findNamespace('jwt')
#1 /home/alexandr/PhpstormProjects/thirdtry/vendor/symfony/console/Application.php(236): Symfony\\Component\\Console\\Application->find('jwt:secret')
#2 /home/alexandr/PhpstormProjects/thirdtry/vendor/symfony/console/Application.php(148): Symfony\\Component\\Console\\Application->doRun(Object(Symfony\\Component\\Console\\Input\\ArgvInput), Object(Symfony\\Component\\Console\\Output\\ConsoleOutput))
#3 /home/alexandr/PhpstormProjects/thirdtry/vendor/laravel/framework/src/Illuminate/Console/Application.php(90): Symfony\\Component\\Console\\Application->run(Object(Symfony\\Component\\Console\\Input\\ArgvInput), Object(Symfony\\Component\\Console\\Output\\ConsoleOutput))
#4 /home/alexandr/PhpstormProjects/thirdtry/vendor/laravel/framework/src/Illuminate/Foundation/Console/Kernel.php(133): Illuminate\\Console\\Application->run(Object(Symfony\\Component\\Console\\Input\\ArgvInput), Object(Symfony\\Component\\Console\\Output\\ConsoleOutput))
#5 /home/alexandr/PhpstormProjects/thirdtry/artisan(37): Illuminate\\Foundation\\Console\\Kernel->handle(Object(Symfony\\Component\\Console\\Input\\ArgvInput), Object(Symfony\\Component\\Console\\Output\\ConsoleOutput))
#6 {main}
"} 
[2020-01-30 09:22:01] local.ERROR: Unable to boot ApiServiceProvider, configure an API domain or prefix. {"exception":"[object] (RuntimeException(code: 0): Unable to boot ApiServiceProvider, configure an API domain or prefix. at /home/alexandr/PhpstormProjects/thirdtry/vendor/dingo/api/src/Provider/DingoServiceProvider.php:83)
[stacktrace]
#0 /home/alexandr/PhpstormProjects/thirdtry/vendor/dingo/api/src/Provider/DingoServiceProvider.php(47): Dingo\\Api\\Provider\\DingoServiceProvider->registerConfig()
#1 /home/alexandr/PhpstormProjects/thirdtry/vendor/dingo/api/src/Provider/LaravelServiceProvider.php(112): Dingo\\Api\\Provider\\DingoServiceProvider->register()
#2 /home/alexandr/PhpstormProjects/thirdtry/vendor/laravel/framework/src/Illuminate/Foundation/Application.php(607): Dingo\\Api\\Provider\\LaravelServiceProvider->register()
#3 /home/alexandr/PhpstormProjects/thirdtry/vendor/laravel/framework/src/Illuminate/Foundation/ProviderRepository.php(75): Illuminate\\Foundation\\Application->register(Object(Dingo\\Api\\Provider\\LaravelServiceProvider))
#4 /home/alexandr/PhpstormProjects/thirdtry/vendor/laravel/framework/src/Illuminate/Foundation/Application.php(584): Illuminate\\Foundation\\ProviderRepository->load(Array)
#5 /home/alexandr/PhpstormProjects/thirdtry/vendor/laravel/framework/src/Illuminate/Foundation/Bootstrap/RegisterProviders.php(17): Illuminate\\Foundation\\Application->registerConfiguredProviders()
#6 /home/alexandr/PhpstormProjects/thirdtry/vendor/laravel/framework/src/Illuminate/Foundation/Application.php(210): Illuminate\\Foundation\\Bootstrap\\RegisterProviders->bootstrap(Object(Illuminate\\Foundation\\Application))
#7 /home/alexandr/PhpstormProjects/thirdtry/vendor/laravel/framework/src/Illuminate/Foundation/Http/Kernel.php(162): Illuminate\\Foundation\\Application->bootstrapWith(Array)
#8 /home/alexandr/PhpstormProjects/thirdtry/vendor/laravel/framework/src/Illuminate/Foundation/Http/Kernel.php(146): Illuminate\\Foundation\\Http\\Kernel->bootstrap()
#9 /home/alexandr/PhpstormProjects/thirdtry/vendor/laravel/framework/src/Illuminate/Foundation/Http/Kernel.php(116): Illuminate\\Foundation\\Http\\Kernel->sendRequestThroughRouter(Object(Illuminate\\Http\\Request))
#10 /home/alexandr/PhpstormProjects/thirdtry/public/index.php(55): Illuminate\\Foundation\\Http\\Kernel->handle(Object(Illuminate\\Http\\Request))
#11 /home/alexandr/PhpstormProjects/thirdtry/server.php(21): require_once('/home/alexandr/...')
#12 {main}
"} 
